c:\users\danil\source\repos\computer graphics\computer graphics\x64\debug\vc143.pdb
c:\users\danil\source\repos\computer graphics\computer graphics\x64\debug\vc143.idb
c:\users\danil\source\repos\computer graphics\computer graphics\x64\debug\source.obj
c:\users\danil\source\repos\computer graphics\computer graphics\x64\debug\sourcelab2.obj
c:\users\danil\source\repos\computer graphics\computer graphics\x64\debug\model2d.obj
c:\users\danil\source\repos\computer graphics\computer graphics\x64\debug\loader.obj
c:\users\danil\source\repos\computer graphics\computer graphics\x64\debug\affinetransform.obj
c:\users\danil\source\repos\computer graphics\computer graphics\x64\debug\figure.obj
c:\users\danil\source\repos\computer graphics\computer graphics\x64\debug\computer graphics.obj
c:\users\danil\source\repos\computer graphics\computer graphics\x64\debug\circle.obj
c:\users\danil\source\repos\computer graphics\computer graphics\x64\debug\box.obj
c:\users\danil\source\repos\computer graphics\x64\debug\computer graphics.exe
c:\users\danil\source\repos\computer graphics\x64\debug\computer graphics.pdb
c:\users\danil\source\repos\computer graphics\computer graphics\x64\debug\computer graphics.ilk
c:\users\danil\source\repos\computer graphics\computer graphics\x64\debug\computer.b935293f.tlog\cl.command.1.tlog
c:\users\danil\source\repos\computer graphics\computer graphics\x64\debug\computer.b935293f.tlog\cl.items.tlog
c:\users\danil\source\repos\computer graphics\computer graphics\x64\debug\computer.b935293f.tlog\cl.read.1.tlog
c:\users\danil\source\repos\computer graphics\computer graphics\x64\debug\computer.b935293f.tlog\cl.write.1.tlog
c:\users\danil\source\repos\computer graphics\computer graphics\x64\debug\computer.b935293f.tlog\link.command.1.tlog
c:\users\danil\source\repos\computer graphics\computer graphics\x64\debug\computer.b935293f.tlog\link.read.1.tlog
c:\users\danil\source\repos\computer graphics\computer graphics\x64\debug\computer.b935293f.tlog\link.secondary.1.tlog
c:\users\danil\source\repos\computer graphics\computer graphics\x64\debug\computer.b935293f.tlog\link.write.1.tlog
